%!Adobe-FontList 1.20
%Locale:0x407

%BeginFont
Handler:DirectoryHandler
FontType:TrueType
FontName:Overload-Regular
FamilyName:Overload
StyleName:Regular
FullName:Overload-Regular
MenuName:Overload
StyleBits:0
WritingScript:Roman
OutlineFileName:D:\fadheit\games\connect4\Font\overload.ttf
DataFormat:sfntData
hasSVG:no
VariableFontType:NonVariableFont
FileLength:45968
FileModTime:1342746504
WeightClass:400
WidthClass:5
AngleClass:0
NameArray:0,Mac,18,Overload-Regular
NameArray:0,Mac,4,Overload-Regular
NameArray:0,Win,1,Overload
NameArray:0,Win,16,Overload
%EndFont

